[1.053s] Invoking command in '/home/robousr/Robotica-2026-2/proyecto/xy/build/example_bringup': PYTHONPATH=/home/robousr/Robotica-2026-2/proyecto/xy/build/example_bringup/prefix_override:/usr/lib/python3/dist-packages/colcon_core/task/python/colcon_distutils_commands:/home/robousr/Robotica-2026-2/proyecto/xy/install/example_bringup/lib/python3.10/site-packages:${PYTHONPATH} /usr/bin/python3 -W ignore:setup.py install is deprecated -W ignore:easy_install command is deprecated setup.py develop --editable --build-directory /home/robousr/Robotica-2026-2/proyecto/xy/build/example_bringup/build --no-deps symlink_data
[1.345s] running develop
[1.534s] running egg_info
[1.534s] creating example_bringup.egg-info
[1.534s] writing example_bringup.egg-info/PKG-INFO
[1.534s] writing dependency_links to example_bringup.egg-info/dependency_links.txt
[1.534s] writing entry points to example_bringup.egg-info/entry_points.txt
[1.534s] writing requirements to example_bringup.egg-info/requires.txt
[1.534s] writing top-level names to example_bringup.egg-info/top_level.txt
[1.534s] writing manifest file 'example_bringup.egg-info/SOURCES.txt'
[1.536s] reading manifest file 'example_bringup.egg-info/SOURCES.txt'
[1.537s] writing manifest file 'example_bringup.egg-info/SOURCES.txt'
[1.538s] running build_ext
[1.538s] Creating /home/robousr/Robotica-2026-2/proyecto/xy/install/example_bringup/lib/python3.10/site-packages/example-bringup.egg-link (link to .)
[1.539s] 
[1.539s] Installed /home/robousr/Robotica-2026-2/proyecto/xy/build/example_bringup
[1.539s] running symlink_data
[1.540s] creating /home/robousr/Robotica-2026-2/proyecto/xy/install/example_bringup/share/ament_index
[1.540s] creating /home/robousr/Robotica-2026-2/proyecto/xy/install/example_bringup/share/ament_index/resource_index
[1.540s] creating /home/robousr/Robotica-2026-2/proyecto/xy/install/example_bringup/share/ament_index/resource_index/packages
[1.540s] symbolically linking /home/robousr/Robotica-2026-2/proyecto/xy/build/example_bringup/resource/example_bringup -> /home/robousr/Robotica-2026-2/proyecto/xy/install/example_bringup/share/ament_index/resource_index/packages
[1.541s] symbolically linking /home/robousr/Robotica-2026-2/proyecto/xy/build/example_bringup/package.xml -> /home/robousr/Robotica-2026-2/proyecto/xy/install/example_bringup/share/example_bringup
[1.541s] creating /home/robousr/Robotica-2026-2/proyecto/xy/install/example_bringup/share/example_bringup/launch
[1.541s] symbolically linking /home/robousr/Robotica-2026-2/proyecto/xy/build/example_bringup/launch/controler.launch.py -> /home/robousr/Robotica-2026-2/proyecto/xy/install/example_bringup/share/example_bringup/launch
[1.541s] symbolically linking /home/robousr/Robotica-2026-2/proyecto/xy/build/example_bringup/launch/rviz_bringup.launch.py -> /home/robousr/Robotica-2026-2/proyecto/xy/install/example_bringup/share/example_bringup/launch
[1.738s] Invoked command in '/home/robousr/Robotica-2026-2/proyecto/xy/build/example_bringup' returned '0': PYTHONPATH=/home/robousr/Robotica-2026-2/proyecto/xy/build/example_bringup/prefix_override:/usr/lib/python3/dist-packages/colcon_core/task/python/colcon_distutils_commands:/home/robousr/Robotica-2026-2/proyecto/xy/install/example_bringup/lib/python3.10/site-packages:${PYTHONPATH} /usr/bin/python3 -W ignore:setup.py install is deprecated -W ignore:easy_install command is deprecated setup.py develop --editable --build-directory /home/robousr/Robotica-2026-2/proyecto/xy/build/example_bringup/build --no-deps symlink_data
