[0.567s] Invoking command in '/home/robousr/Robotica-2026-2/proyecto/xy/build/example_pkg': PYTHONPATH=/home/robousr/Robotica-2026-2/proyecto/xy/build/example_pkg/prefix_override:/usr/lib/python3/dist-packages/colcon_core/task/python/colcon_distutils_commands:/home/robousr/Robotica-2026-2/proyecto/xy/install/example_pkg/lib/python3.10/site-packages:${PYTHONPATH} /usr/bin/python3 -W ignore:setup.py install is deprecated -W ignore:easy_install command is deprecated setup.py develop --editable --build-directory /home/robousr/Robotica-2026-2/proyecto/xy/build/example_pkg/build --no-deps symlink_data
[0.802s] running develop
[0.933s] running egg_info
[0.933s] creating example_pkg.egg-info
[0.933s] writing example_pkg.egg-info/PKG-INFO
[0.933s] writing dependency_links to example_pkg.egg-info/dependency_links.txt
[0.933s] writing entry points to example_pkg.egg-info/entry_points.txt
[0.933s] writing requirements to example_pkg.egg-info/requires.txt
[0.934s] writing top-level names to example_pkg.egg-info/top_level.txt
[0.934s] writing manifest file 'example_pkg.egg-info/SOURCES.txt'
[0.936s] reading manifest file 'example_pkg.egg-info/SOURCES.txt'
[0.936s] writing manifest file 'example_pkg.egg-info/SOURCES.txt'
[0.937s] running build_ext
[0.938s] Creating /home/robousr/Robotica-2026-2/proyecto/xy/install/example_pkg/lib/python3.10/site-packages/example-pkg.egg-link (link to .)
[0.938s] Installing publisher_node script to /home/robousr/Robotica-2026-2/proyecto/xy/install/example_pkg/lib/example_pkg
[0.939s] Installing subscriber_node script to /home/robousr/Robotica-2026-2/proyecto/xy/install/example_pkg/lib/example_pkg
[0.939s] 
[0.939s] Installed /home/robousr/Robotica-2026-2/proyecto/xy/build/example_pkg
[0.939s] running symlink_data
[0.939s] creating /home/robousr/Robotica-2026-2/proyecto/xy/install/example_pkg/share/ament_index
[0.939s] creating /home/robousr/Robotica-2026-2/proyecto/xy/install/example_pkg/share/ament_index/resource_index
[0.939s] creating /home/robousr/Robotica-2026-2/proyecto/xy/install/example_pkg/share/ament_index/resource_index/packages
[0.939s] symbolically linking /home/robousr/Robotica-2026-2/proyecto/xy/build/example_pkg/resource/example_pkg -> /home/robousr/Robotica-2026-2/proyecto/xy/install/example_pkg/share/ament_index/resource_index/packages
[0.939s] symbolically linking /home/robousr/Robotica-2026-2/proyecto/xy/build/example_pkg/package.xml -> /home/robousr/Robotica-2026-2/proyecto/xy/install/example_pkg/share/example_pkg
[0.939s] creating /home/robousr/Robotica-2026-2/proyecto/xy/install/example_pkg/share/example_pkg/launch
[0.939s] symbolically linking /home/robousr/Robotica-2026-2/proyecto/xy/build/example_pkg/launch/launcher_copy.launch.py -> /home/robousr/Robotica-2026-2/proyecto/xy/install/example_pkg/share/example_pkg/launch
[0.939s] symbolically linking /home/robousr/Robotica-2026-2/proyecto/xy/build/example_pkg/launch/launcher.launch.py -> /home/robousr/Robotica-2026-2/proyecto/xy/install/example_pkg/share/example_pkg/launch
[0.980s] Invoked command in '/home/robousr/Robotica-2026-2/proyecto/xy/build/example_pkg' returned '0': PYTHONPATH=/home/robousr/Robotica-2026-2/proyecto/xy/build/example_pkg/prefix_override:/usr/lib/python3/dist-packages/colcon_core/task/python/colcon_distutils_commands:/home/robousr/Robotica-2026-2/proyecto/xy/install/example_pkg/lib/python3.10/site-packages:${PYTHONPATH} /usr/bin/python3 -W ignore:setup.py install is deprecated -W ignore:easy_install command is deprecated setup.py develop --editable --build-directory /home/robousr/Robotica-2026-2/proyecto/xy/build/example_pkg/build --no-deps symlink_data
