[0.706s] Invoking command in '/home/robousr/Robotica-2026-2/proyecto/xyz/build/example_interfaces': CMAKE_PREFIX_PATH=${CMAKE_PREFIX_PATH}:/home/robousr/Robotica-2026-2/proyecto/xy/install/example_pkg:/home/robousr/Robotica-2026-2/proyecto/xy/install/example_description:/home/robousr/Robotica-2026-2/proyecto/xy/install/example_control:/home/robousr/Robotica-2026-2/proyecto/xy/install/example_bringup:/opt/ros/humble /usr/bin/cmake /home/robousr/Robotica-2026-2/proyecto/xyz/src/example_interfaces -DAMENT_CMAKE_SYMLINK_INSTALL=1 -DCMAKE_INSTALL_PREFIX=/home/robousr/Robotica-2026-2/proyecto/xyz/install/example_interfaces
[0.780s] -- The C compiler identification is GNU 11.4.0
[0.837s] -- The CXX compiler identification is GNU 11.4.0
[0.849s] -- Detecting C compiler ABI info
[0.943s] -- Detecting C compiler ABI info - done
[0.950s] -- Check for working C compiler: /usr/bin/cc - skipped
[0.950s] -- Detecting C compile features
[0.951s] -- Detecting C compile features - done
[0.954s] -- Detecting CXX compiler ABI info
[1.059s] -- Detecting CXX compiler ABI info - done
[1.066s] -- Check for working CXX compiler: /usr/bin/c++ - skipped
[1.066s] -- Detecting CXX compile features
[1.066s] -- Detecting CXX compile features - done
[1.073s] -- Found ament_cmake: 1.3.12 (/opt/ros/humble/share/ament_cmake/cmake)
[1.606s] -- Found Python3: /home/robousr/.pyenv/shims/python3 (found version "3.10.12") found components: Interpreter 
[1.723s] -- Override CMake install command with custom implementation using symlinks instead of copying resources
[1.761s] -- Found rosidl_default_generators: 1.2.0 (/opt/ros/humble/share/rosidl_default_generators/cmake)
[1.765s] -- Using all available rosidl_typesupport_c: rosidl_typesupport_fastrtps_c;rosidl_typesupport_introspection_c
[1.774s] -- Found rosidl_adapter: 3.1.7 (/opt/ros/humble/share/rosidl_adapter/cmake)
[1.813s] -- Using all available rosidl_typesupport_cpp: rosidl_typesupport_fastrtps_cpp;rosidl_typesupport_introspection_cpp
[1.844s] -- Found builtin_interfaces: 1.2.2 (/opt/ros/humble/share/builtin_interfaces/cmake)
[2.327s] -- Found ament_cmake_ros: 0.10.0 (/opt/ros/humble/share/ament_cmake_ros/cmake)
[2.689s] -- Using all available rosidl_typesupport_c: rosidl_typesupport_fastrtps_c;rosidl_typesupport_introspection_c
[3.140s] -- Using all available rosidl_typesupport_cpp: rosidl_typesupport_fastrtps_cpp;rosidl_typesupport_introspection_cpp
[3.220s] -- Found PythonInterp: /home/robousr/.pyenv/shims/python3 (found suitable version "3.10.12", minimum required is "3.6") 
[3.222s] -- Found python_cmake_module: 0.10.0 (/opt/ros/humble/share/python_cmake_module/cmake)
[3.307s] -- Found PythonLibs: /usr/lib/x86_64-linux-gnu/libpython3.10.so (found suitable version "3.10.12", minimum required is "3.5") 
[3.307s] -- Using PYTHON_EXECUTABLE: /home/robousr/.pyenv/shims/python3
[3.307s] -- Using PYTHON_INCLUDE_DIRS: /usr/include/python3.10
[3.307s] -- Using PYTHON_LIBRARIES: /usr/lib/x86_64-linux-gnu/libpython3.10.so
[3.386s] -- Found PythonExtra: .so  
[3.478s] -- Found ament_lint_auto: 0.12.14 (/opt/ros/humble/share/ament_lint_auto/cmake)
[3.500s] -- Added test 'lint_cmake' to check CMake code style
[3.501s] -- Added test 'xmllint' to check XML markup files
[3.504s] -- Configuring done
[3.539s] -- Generating done
[3.548s] -- Build files have been written to: /home/robousr/Robotica-2026-2/proyecto/xyz/build/example_interfaces
[3.560s] Invoked command in '/home/robousr/Robotica-2026-2/proyecto/xyz/build/example_interfaces' returned '0': CMAKE_PREFIX_PATH=${CMAKE_PREFIX_PATH}:/home/robousr/Robotica-2026-2/proyecto/xy/install/example_pkg:/home/robousr/Robotica-2026-2/proyecto/xy/install/example_description:/home/robousr/Robotica-2026-2/proyecto/xy/install/example_control:/home/robousr/Robotica-2026-2/proyecto/xy/install/example_bringup:/opt/ros/humble /usr/bin/cmake /home/robousr/Robotica-2026-2/proyecto/xyz/src/example_interfaces -DAMENT_CMAKE_SYMLINK_INSTALL=1 -DCMAKE_INSTALL_PREFIX=/home/robousr/Robotica-2026-2/proyecto/xyz/install/example_interfaces
[3.561s] Invoking command in '/home/robousr/Robotica-2026-2/proyecto/xyz/build/example_interfaces': CMAKE_PREFIX_PATH=${CMAKE_PREFIX_PATH}:/home/robousr/Robotica-2026-2/proyecto/xy/install/example_pkg:/home/robousr/Robotica-2026-2/proyecto/xy/install/example_description:/home/robousr/Robotica-2026-2/proyecto/xy/install/example_control:/home/robousr/Robotica-2026-2/proyecto/xy/install/example_bringup:/opt/ros/humble /usr/bin/cmake --build /home/robousr/Robotica-2026-2/proyecto/xyz/build/example_interfaces -- -j4 -l4
[3.609s] [  3%] [34m[1mGenerating C code for ROS interfaces[0m
[3.620s] [  6%] [34m[1mGenerating C++ code for ROS interfaces[0m
[3.631s] [  6%] Built target ament_cmake_python_symlink_example_interfaces
[3.891s] [  9%] [32mBuilding C object CMakeFiles/example_interfaces__rosidl_generator_c.dir/rosidl_generator_c/example_interfaces/msg/detail/example_msg__functions.c.o[0m
[3.896s] [  9%] Built target example_interfaces__cpp
[3.915s] [ 16%] [34m[1mGenerating C++ type support for eProsima Fast-RTPS[0m
[3.915s] [ 16%] [34m[1mGenerating C++ introspection for ROS interfaces[0m
[3.941s] running egg_info
[3.941s] creating example_interfaces.egg-info
[3.941s] writing example_interfaces.egg-info/PKG-INFO
[3.941s] writing dependency_links to example_interfaces.egg-info/dependency_links.txt
[3.941s] writing top-level names to example_interfaces.egg-info/top_level.txt
[3.941s] writing manifest file 'example_interfaces.egg-info/SOURCES.txt'
[3.941s] [ 19%] [32m[1mLinking C shared library libexample_interfaces__rosidl_generator_c.so[0m
[3.942s] reading manifest file 'example_interfaces.egg-info/SOURCES.txt'
[3.942s] writing manifest file 'example_interfaces.egg-info/SOURCES.txt'
[3.979s] [ 19%] Built target ament_cmake_python_build_example_interfaces_egg
[3.991s] [ 19%] Built target example_interfaces__rosidl_generator_c
[3.994s] [ 22%] [34m[1mGenerating C++ type support dispatch for ROS interfaces[0m
[4.005s] [ 25%] [34m[1mGenerating C introspection for ROS interfaces[0m
[4.207s] [ 32%] [32mBuilding CXX object CMakeFiles/example_interfaces__rosidl_typesupport_fastrtps_cpp.dir/rosidl_typesupport_fastrtps_cpp/example_interfaces/msg/detail/dds_fastrtps/example_msg__type_support.cpp.o[0m
[4.208s] [ 32%] [32mBuilding CXX object CMakeFiles/example_interfaces__rosidl_typesupport_introspection_cpp.dir/rosidl_typesupport_introspection_cpp/example_interfaces/msg/detail/example_msg__type_support.cpp.o[0m
[4.243s] [ 35%] [32mBuilding CXX object CMakeFiles/example_interfaces__rosidl_typesupport_cpp.dir/rosidl_typesupport_cpp/example_interfaces/msg/example_msg__type_support.cpp.o[0m
[4.278s] [ 38%] [32mBuilding C object CMakeFiles/example_interfaces__rosidl_typesupport_introspection_c.dir/rosidl_typesupport_introspection_c/example_interfaces/msg/detail/example_msg__type_support.c.o[0m
[4.321s] [ 41%] [32m[1mLinking C shared library libexample_interfaces__rosidl_typesupport_introspection_c.so[0m
[4.357s] [ 41%] Built target example_interfaces__rosidl_typesupport_introspection_c
[4.380s] [ 45%] [34m[1mGenerating C type support dispatch for ROS interfaces[0m
[4.480s] [ 48%] [32m[1mLinking CXX shared library libexample_interfaces__rosidl_typesupport_cpp.so[0m
[4.531s] [ 48%] Built target example_interfaces__rosidl_typesupport_cpp
[4.539s] [ 51%] [32m[1mLinking CXX shared library libexample_interfaces__rosidl_typesupport_introspection_cpp.so[0m
[4.542s] [ 54%] [34m[1mGenerating C type support for eProsima Fast-RTPS[0m
[4.568s] [ 58%] [32m[1mLinking CXX shared library libexample_interfaces__rosidl_typesupport_fastrtps_cpp.so[0m
[4.615s] [ 58%] Built target example_interfaces__rosidl_typesupport_introspection_cpp
[4.641s] [ 61%] [32mBuilding CXX object CMakeFiles/example_interfaces__rosidl_typesupport_c.dir/rosidl_typesupport_c/example_interfaces/msg/example_msg__type_support.cpp.o[0m
[4.651s] [ 61%] Built target example_interfaces__rosidl_typesupport_fastrtps_cpp
[4.676s] [ 64%] [32m[1mLinking CXX shared library libexample_interfaces__rosidl_typesupport_c.so[0m
[4.728s] [ 64%] Built target example_interfaces__rosidl_typesupport_c
[4.804s] [ 67%] [32mBuilding CXX object CMakeFiles/example_interfaces__rosidl_typesupport_fastrtps_c.dir/rosidl_typesupport_fastrtps_c/example_interfaces/msg/detail/example_msg__type_support_c.cpp.o[0m
[5.071s] [ 70%] [32m[1mLinking CXX shared library libexample_interfaces__rosidl_typesupport_fastrtps_c.so[0m
[5.142s] [ 70%] Built target example_interfaces__rosidl_typesupport_fastrtps_c
[5.169s] [ 70%] Built target example_interfaces
[5.202s] [ 74%] [34m[1mGenerating Python code for ROS interfaces[0m
[5.487s] [ 74%] Built target example_interfaces__py
[5.515s] [ 77%] [32mBuilding C object CMakeFiles/example_interfaces__rosidl_generator_py.dir/rosidl_generator_py/example_interfaces/msg/_example_msg_s.c.o[0m
[5.604s] [ 80%] [32m[1mLinking C shared library rosidl_generator_py/example_interfaces/libexample_interfaces__rosidl_generator_py.so[0m
[5.652s] [ 80%] Built target example_interfaces__rosidl_generator_py
[5.682s] [ 90%] [32mBuilding C object CMakeFiles/example_interfaces__rosidl_typesupport_fastrtps_c__pyext.dir/rosidl_generator_py/example_interfaces/_example_interfaces_s.ep.rosidl_typesupport_fastrtps_c.c.o[0m
[5.682s] [ 90%] [32mBuilding C object CMakeFiles/example_interfaces__rosidl_typesupport_introspection_c__pyext.dir/rosidl_generator_py/example_interfaces/_example_interfaces_s.ep.rosidl_typesupport_introspection_c.c.o[0m
[5.682s] [ 90%] [32mBuilding C object CMakeFiles/example_interfaces__rosidl_typesupport_c__pyext.dir/rosidl_generator_py/example_interfaces/_example_interfaces_s.ep.rosidl_typesupport_c.c.o[0m
[5.770s] [ 96%] [32m[1mLinking C shared library rosidl_generator_py/example_interfaces/example_interfaces_s__rosidl_typesupport_c.cpython-310-x86_64-linux-gnu.so[0m
[5.770s] [ 96%] [32m[1mLinking C shared library rosidl_generator_py/example_interfaces/example_interfaces_s__rosidl_typesupport_introspection_c.cpython-310-x86_64-linux-gnu.so[0m
[5.770s] [100%] [32m[1mLinking C shared library rosidl_generator_py/example_interfaces/example_interfaces_s__rosidl_typesupport_fastrtps_c.cpython-310-x86_64-linux-gnu.so[0m
[5.815s] [100%] Built target example_interfaces__rosidl_typesupport_introspection_c__pyext
[5.815s] [100%] Built target example_interfaces__rosidl_typesupport_fastrtps_c__pyext
[5.815s] [100%] Built target example_interfaces__rosidl_typesupport_c__pyext
[5.829s] Invoked command in '/home/robousr/Robotica-2026-2/proyecto/xyz/build/example_interfaces' returned '0': CMAKE_PREFIX_PATH=${CMAKE_PREFIX_PATH}:/home/robousr/Robotica-2026-2/proyecto/xy/install/example_pkg:/home/robousr/Robotica-2026-2/proyecto/xy/install/example_description:/home/robousr/Robotica-2026-2/proyecto/xy/install/example_control:/home/robousr/Robotica-2026-2/proyecto/xy/install/example_bringup:/opt/ros/humble /usr/bin/cmake --build /home/robousr/Robotica-2026-2/proyecto/xyz/build/example_interfaces -- -j4 -l4
[5.840s] Invoking command in '/home/robousr/Robotica-2026-2/proyecto/xyz/build/example_interfaces': CMAKE_PREFIX_PATH=${CMAKE_PREFIX_PATH}:/home/robousr/Robotica-2026-2/proyecto/xy/install/example_pkg:/home/robousr/Robotica-2026-2/proyecto/xy/install/example_description:/home/robousr/Robotica-2026-2/proyecto/xy/install/example_control:/home/robousr/Robotica-2026-2/proyecto/xy/install/example_bringup:/opt/ros/humble /usr/bin/cmake --install /home/robousr/Robotica-2026-2/proyecto/xyz/build/example_interfaces
[5.848s] -- Install configuration: ""
[5.848s] -- Execute custom install script
[5.848s] -- Symlinking: /home/robousr/Robotica-2026-2/proyecto/xyz/install/example_interfaces/share/ament_index/resource_index/rosidl_interfaces/example_interfaces
[5.857s] -- Symlinking: /home/robousr/Robotica-2026-2/proyecto/xyz/install/example_interfaces/include/example_interfaces/example_interfaces/msg/detail/example_msg__functions.h
[5.870s] -- Symlinking: /home/robousr/Robotica-2026-2/proyecto/xyz/install/example_interfaces/include/example_interfaces/example_interfaces/msg/detail/example_msg__struct.h
[5.882s] -- Symlinking: /home/robousr/Robotica-2026-2/proyecto/xyz/install/example_interfaces/include/example_interfaces/example_interfaces/msg/detail/example_msg__type_support.h
[5.891s] -- Symlinking: /home/robousr/Robotica-2026-2/proyecto/xyz/install/example_interfaces/include/example_interfaces/example_interfaces/msg/example_msg.h
[5.901s] -- Symlinking: /home/robousr/Robotica-2026-2/proyecto/xyz/install/example_interfaces/include/example_interfaces/example_interfaces/msg/rosidl_generator_c__visibility_control.h
[5.911s] -- Symlinking: /home/robousr/Robotica-2026-2/proyecto/xyz/install/example_interfaces/share/example_interfaces/environment/library_path.sh
[5.920s] -- Symlinking: /home/robousr/Robotica-2026-2/proyecto/xyz/install/example_interfaces/share/example_interfaces/environment/library_path.dsv
[5.947s] -- Symlinking: /home/robousr/Robotica-2026-2/proyecto/xyz/install/example_interfaces/include/example_interfaces/example_interfaces/msg/detail/example_msg__rosidl_typesupport_fastrtps_c.h
[5.958s] -- Symlinking: /home/robousr/Robotica-2026-2/proyecto/xyz/install/example_interfaces/include/example_interfaces/example_interfaces/msg/rosidl_typesupport_fastrtps_c__visibility_control.h
[5.968s] -- Symlinking: /home/robousr/Robotica-2026-2/proyecto/xyz/install/example_interfaces/include/example_interfaces/example_interfaces/msg/detail/example_msg__rosidl_typesupport_introspection_c.h
[5.978s] -- Symlinking: /home/robousr/Robotica-2026-2/proyecto/xyz/install/example_interfaces/include/example_interfaces/example_interfaces/msg/rosidl_typesupport_introspection_c__visibility_control.h
[5.989s] -- Symlinking: /home/robousr/Robotica-2026-2/proyecto/xyz/install/example_interfaces/include/example_interfaces/example_interfaces/msg/detail/example_msg__builder.hpp
[5.999s] -- Symlinking: /home/robousr/Robotica-2026-2/proyecto/xyz/install/example_interfaces/include/example_interfaces/example_interfaces/msg/detail/example_msg__struct.hpp
[6.011s] -- Symlinking: /home/robousr/Robotica-2026-2/proyecto/xyz/install/example_interfaces/include/example_interfaces/example_interfaces/msg/detail/example_msg__traits.hpp
[6.022s] -- Symlinking: /home/robousr/Robotica-2026-2/proyecto/xyz/install/example_interfaces/include/example_interfaces/example_interfaces/msg/detail/example_msg__type_support.hpp
[6.031s] -- Symlinking: /home/robousr/Robotica-2026-2/proyecto/xyz/install/example_interfaces/include/example_interfaces/example_interfaces/msg/example_msg.hpp
[6.043s] -- Symlinking: /home/robousr/Robotica-2026-2/proyecto/xyz/install/example_interfaces/include/example_interfaces/example_interfaces/msg/rosidl_generator_cpp__visibility_control.hpp
[6.052s] -- Symlinking: /home/robousr/Robotica-2026-2/proyecto/xyz/install/example_interfaces/include/example_interfaces/example_interfaces/msg/detail/example_msg__rosidl_typesupport_fastrtps_cpp.hpp
[6.060s] -- Symlinking: /home/robousr/Robotica-2026-2/proyecto/xyz/install/example_interfaces/include/example_interfaces/example_interfaces/msg/rosidl_typesupport_fastrtps_cpp__visibility_control.h
[6.074s] -- Symlinking: /home/robousr/Robotica-2026-2/proyecto/xyz/install/example_interfaces/include/example_interfaces/example_interfaces/msg/detail/example_msg__rosidl_typesupport_introspection_cpp.hpp
[6.086s] -- Symlinking: /home/robousr/Robotica-2026-2/proyecto/xyz/install/example_interfaces/share/example_interfaces/environment/pythonpath.sh
[6.096s] -- Symlinking: /home/robousr/Robotica-2026-2/proyecto/xyz/install/example_interfaces/share/example_interfaces/environment/pythonpath.dsv
[6.106s] -- Symlinking: /home/robousr/Robotica-2026-2/proyecto/xyz/install/example_interfaces/local/lib/python3.10/dist-packages/example_interfaces-0.0.0-py3.10.egg-info/PKG-INFO
[6.114s] -- Symlinking: /home/robousr/Robotica-2026-2/proyecto/xyz/install/example_interfaces/local/lib/python3.10/dist-packages/example_interfaces-0.0.0-py3.10.egg-info/SOURCES.txt
[6.123s] -- Symlinking: /home/robousr/Robotica-2026-2/proyecto/xyz/install/example_interfaces/local/lib/python3.10/dist-packages/example_interfaces-0.0.0-py3.10.egg-info/dependency_links.txt
[6.131s] -- Symlinking: /home/robousr/Robotica-2026-2/proyecto/xyz/install/example_interfaces/local/lib/python3.10/dist-packages/example_interfaces-0.0.0-py3.10.egg-info/top_level.txt
[6.139s] -- Symlinking: /home/robousr/Robotica-2026-2/proyecto/xyz/install/example_interfaces/local/lib/python3.10/dist-packages/example_interfaces/__init__.py
[6.148s] -- Symlinking: /home/robousr/Robotica-2026-2/proyecto/xyz/install/example_interfaces/local/lib/python3.10/dist-packages/example_interfaces/_example_interfaces_s.ep.rosidl_typesupport_c.c
[6.157s] -- Symlinking: /home/robousr/Robotica-2026-2/proyecto/xyz/install/example_interfaces/local/lib/python3.10/dist-packages/example_interfaces/_example_interfaces_s.ep.rosidl_typesupport_fastrtps_c.c
[6.170s] -- Symlinking: /home/robousr/Robotica-2026-2/proyecto/xyz/install/example_interfaces/local/lib/python3.10/dist-packages/example_interfaces/_example_interfaces_s.ep.rosidl_typesupport_introspection_c.c
[6.179s] -- Symlinking: /home/robousr/Robotica-2026-2/proyecto/xyz/install/example_interfaces/local/lib/python3.10/dist-packages/example_interfaces/example_interfaces_s__rosidl_typesupport_c.cpython-310-x86_64-linux-gnu.so
[6.191s] -- Symlinking: /home/robousr/Robotica-2026-2/proyecto/xyz/install/example_interfaces/local/lib/python3.10/dist-packages/example_interfaces/example_interfaces_s__rosidl_typesupport_fastrtps_c.cpython-310-x86_64-linux-gnu.so
[6.201s] -- Symlinking: /home/robousr/Robotica-2026-2/proyecto/xyz/install/example_interfaces/local/lib/python3.10/dist-packages/example_interfaces/example_interfaces_s__rosidl_typesupport_introspection_c.cpython-310-x86_64-linux-gnu.so
[6.213s] -- Symlinking: /home/robousr/Robotica-2026-2/proyecto/xyz/install/example_interfaces/local/lib/python3.10/dist-packages/example_interfaces/libexample_interfaces__rosidl_generator_py.so
[6.223s] -- Symlinking: /home/robousr/Robotica-2026-2/proyecto/xyz/install/example_interfaces/local/lib/python3.10/dist-packages/example_interfaces/msg/__init__.py
[6.233s] -- Symlinking: /home/robousr/Robotica-2026-2/proyecto/xyz/install/example_interfaces/local/lib/python3.10/dist-packages/example_interfaces/msg/_example_msg.py
[6.244s] -- Symlinking: /home/robousr/Robotica-2026-2/proyecto/xyz/install/example_interfaces/local/lib/python3.10/dist-packages/example_interfaces/msg/_example_msg_s.c
[6.255s] -- Up-to-date symlink: /home/robousr/Robotica-2026-2/proyecto/xyz/install/example_interfaces/local/lib/python3.10/dist-packages/example_interfaces/example_interfaces_s__rosidl_typesupport_fastrtps_c.cpython-310-x86_64-linux-gnu.so
[6.255s] -- Up-to-date symlink: /home/robousr/Robotica-2026-2/proyecto/xyz/install/example_interfaces/local/lib/python3.10/dist-packages/example_interfaces/example_interfaces_s__rosidl_typesupport_introspection_c.cpython-310-x86_64-linux-gnu.so
[6.255s] -- Up-to-date symlink: /home/robousr/Robotica-2026-2/proyecto/xyz/install/example_interfaces/local/lib/python3.10/dist-packages/example_interfaces/example_interfaces_s__rosidl_typesupport_c.cpython-310-x86_64-linux-gnu.so
[6.255s] -- Symlinking: /home/robousr/Robotica-2026-2/proyecto/xyz/install/example_interfaces/share/example_interfaces/msg/ExampleMsg.idl
[6.268s] -- Symlinking: /home/robousr/Robotica-2026-2/proyecto/xyz/install/example_interfaces/share/example_interfaces/msg/ExampleMsg.msg
[6.281s] -- Symlinking: /home/robousr/Robotica-2026-2/proyecto/xyz/install/example_interfaces/share/ament_index/resource_index/package_run_dependencies/example_interfaces
[6.293s] -- Symlinking: /home/robousr/Robotica-2026-2/proyecto/xyz/install/example_interfaces/share/ament_index/resource_index/parent_prefix_path/example_interfaces
[6.303s] -- Symlinking: /home/robousr/Robotica-2026-2/proyecto/xyz/install/example_interfaces/share/example_interfaces/environment/ament_prefix_path.sh
[6.314s] -- Symlinking: /home/robousr/Robotica-2026-2/proyecto/xyz/install/example_interfaces/share/example_interfaces/environment/ament_prefix_path.dsv
[6.325s] -- Symlinking: /home/robousr/Robotica-2026-2/proyecto/xyz/install/example_interfaces/share/example_interfaces/environment/path.sh
[6.334s] -- Symlinking: /home/robousr/Robotica-2026-2/proyecto/xyz/install/example_interfaces/share/example_interfaces/environment/path.dsv
[6.341s] -- Symlinking: /home/robousr/Robotica-2026-2/proyecto/xyz/install/example_interfaces/share/example_interfaces/local_setup.bash
[6.351s] -- Symlinking: /home/robousr/Robotica-2026-2/proyecto/xyz/install/example_interfaces/share/example_interfaces/local_setup.sh
[6.360s] -- Symlinking: /home/robousr/Robotica-2026-2/proyecto/xyz/install/example_interfaces/share/example_interfaces/local_setup.zsh
[6.374s] -- Symlinking: /home/robousr/Robotica-2026-2/proyecto/xyz/install/example_interfaces/share/example_interfaces/local_setup.dsv
[6.385s] -- Symlinking: /home/robousr/Robotica-2026-2/proyecto/xyz/install/example_interfaces/share/example_interfaces/package.dsv
[6.394s] -- Symlinking: /home/robousr/Robotica-2026-2/proyecto/xyz/install/example_interfaces/share/ament_index/resource_index/packages/example_interfaces
[6.404s] -- Symlinking: /home/robousr/Robotica-2026-2/proyecto/xyz/install/example_interfaces/share/example_interfaces/cmake/rosidl_cmake-extras.cmake
[6.414s] -- Symlinking: /home/robousr/Robotica-2026-2/proyecto/xyz/install/example_interfaces/share/example_interfaces/cmake/ament_cmake_export_dependencies-extras.cmake
[6.423s] -- Symlinking: /home/robousr/Robotica-2026-2/proyecto/xyz/install/example_interfaces/share/example_interfaces/cmake/ament_cmake_export_include_directories-extras.cmake
[6.432s] -- Symlinking: /home/robousr/Robotica-2026-2/proyecto/xyz/install/example_interfaces/share/example_interfaces/cmake/ament_cmake_export_libraries-extras.cmake
[6.441s] -- Symlinking: /home/robousr/Robotica-2026-2/proyecto/xyz/install/example_interfaces/share/example_interfaces/cmake/ament_cmake_export_targets-extras.cmake
[6.449s] -- Symlinking: /home/robousr/Robotica-2026-2/proyecto/xyz/install/example_interfaces/share/example_interfaces/cmake/rosidl_cmake_export_typesupport_targets-extras.cmake
[6.458s] -- Symlinking: /home/robousr/Robotica-2026-2/proyecto/xyz/install/example_interfaces/share/example_interfaces/cmake/rosidl_cmake_export_typesupport_libraries-extras.cmake
[6.471s] -- Symlinking: /home/robousr/Robotica-2026-2/proyecto/xyz/install/example_interfaces/share/example_interfaces/cmake/example_interfacesConfig.cmake
[6.483s] -- Symlinking: /home/robousr/Robotica-2026-2/proyecto/xyz/install/example_interfaces/share/example_interfaces/cmake/example_interfacesConfig-version.cmake
[6.493s] -- Symlinking: /home/robousr/Robotica-2026-2/proyecto/xyz/install/example_interfaces/share/example_interfaces/package.xml
[6.504s] -- Installing: /home/robousr/Robotica-2026-2/proyecto/xyz/install/example_interfaces/lib/libexample_interfaces__rosidl_generator_c.so
[6.504s] -- Set runtime path of "/home/robousr/Robotica-2026-2/proyecto/xyz/install/example_interfaces/lib/libexample_interfaces__rosidl_generator_c.so" to ""
[6.504s] -- Installing: /home/robousr/Robotica-2026-2/proyecto/xyz/install/example_interfaces/lib/libexample_interfaces__rosidl_typesupport_fastrtps_c.so
[6.505s] -- Set runtime path of "/home/robousr/Robotica-2026-2/proyecto/xyz/install/example_interfaces/lib/libexample_interfaces__rosidl_typesupport_fastrtps_c.so" to ""
[6.505s] -- Installing: /home/robousr/Robotica-2026-2/proyecto/xyz/install/example_interfaces/lib/libexample_interfaces__rosidl_typesupport_introspection_c.so
[6.523s] -- Set runtime path of "/home/robousr/Robotica-2026-2/proyecto/xyz/install/example_interfaces/lib/libexample_interfaces__rosidl_typesupport_introspection_c.so" to ""
[6.523s] -- Installing: /home/robousr/Robotica-2026-2/proyecto/xyz/install/example_interfaces/lib/libexample_interfaces__rosidl_typesupport_c.so
[6.524s] -- Set runtime path of "/home/robousr/Robotica-2026-2/proyecto/xyz/install/example_interfaces/lib/libexample_interfaces__rosidl_typesupport_c.so" to ""
[6.524s] -- Installing: /home/robousr/Robotica-2026-2/proyecto/xyz/install/example_interfaces/lib/libexample_interfaces__rosidl_typesupport_fastrtps_cpp.so
[6.524s] -- Set runtime path of "/home/robousr/Robotica-2026-2/proyecto/xyz/install/example_interfaces/lib/libexample_interfaces__rosidl_typesupport_fastrtps_cpp.so" to ""
[6.525s] -- Installing: /home/robousr/Robotica-2026-2/proyecto/xyz/install/example_interfaces/lib/libexample_interfaces__rosidl_typesupport_introspection_cpp.so
[6.525s] -- Set runtime path of "/home/robousr/Robotica-2026-2/proyecto/xyz/install/example_interfaces/lib/libexample_interfaces__rosidl_typesupport_introspection_cpp.so" to ""
[6.525s] -- Installing: /home/robousr/Robotica-2026-2/proyecto/xyz/install/example_interfaces/lib/libexample_interfaces__rosidl_typesupport_cpp.so
[6.525s] -- Set runtime path of "/home/robousr/Robotica-2026-2/proyecto/xyz/install/example_interfaces/lib/libexample_interfaces__rosidl_typesupport_cpp.so" to ""
[6.612s] Listing '/home/robousr/Robotica-2026-2/proyecto/xyz/install/example_interfaces/local/lib/python3.10/dist-packages/example_interfaces'...
[6.612s] Compiling '/home/robousr/Robotica-2026-2/proyecto/xyz/install/example_interfaces/local/lib/python3.10/dist-packages/example_interfaces/__init__.py'...
[6.612s] Listing '/home/robousr/Robotica-2026-2/proyecto/xyz/install/example_interfaces/local/lib/python3.10/dist-packages/example_interfaces/msg'...
[6.612s] Compiling '/home/robousr/Robotica-2026-2/proyecto/xyz/install/example_interfaces/local/lib/python3.10/dist-packages/example_interfaces/msg/__init__.py'...
[6.612s] Compiling '/home/robousr/Robotica-2026-2/proyecto/xyz/install/example_interfaces/local/lib/python3.10/dist-packages/example_interfaces/msg/_example_msg.py'...
[6.617s] -- Installing: /home/robousr/Robotica-2026-2/proyecto/xyz/install/example_interfaces/lib/libexample_interfaces__rosidl_generator_py.so
[6.617s] -- Set runtime path of "/home/robousr/Robotica-2026-2/proyecto/xyz/install/example_interfaces/lib/libexample_interfaces__rosidl_generator_py.so" to ""
[6.617s] -- Installing: /home/robousr/Robotica-2026-2/proyecto/xyz/install/example_interfaces/share/example_interfaces/cmake/export_example_interfaces__rosidl_generator_cExport.cmake
[6.618s] -- Installing: /home/robousr/Robotica-2026-2/proyecto/xyz/install/example_interfaces/share/example_interfaces/cmake/export_example_interfaces__rosidl_generator_cExport-noconfig.cmake
[6.618s] -- Installing: /home/robousr/Robotica-2026-2/proyecto/xyz/install/example_interfaces/share/example_interfaces/cmake/export_example_interfaces__rosidl_typesupport_fastrtps_cExport.cmake
[6.618s] -- Installing: /home/robousr/Robotica-2026-2/proyecto/xyz/install/example_interfaces/share/example_interfaces/cmake/export_example_interfaces__rosidl_typesupport_fastrtps_cExport-noconfig.cmake
[6.618s] -- Installing: /home/robousr/Robotica-2026-2/proyecto/xyz/install/example_interfaces/share/example_interfaces/cmake/example_interfaces__rosidl_typesupport_introspection_cExport.cmake
[6.618s] -- Installing: /home/robousr/Robotica-2026-2/proyecto/xyz/install/example_interfaces/share/example_interfaces/cmake/example_interfaces__rosidl_typesupport_introspection_cExport-noconfig.cmake
[6.618s] -- Installing: /home/robousr/Robotica-2026-2/proyecto/xyz/install/example_interfaces/share/example_interfaces/cmake/example_interfaces__rosidl_typesupport_cExport.cmake
[6.619s] -- Installing: /home/robousr/Robotica-2026-2/proyecto/xyz/install/example_interfaces/share/example_interfaces/cmake/example_interfaces__rosidl_typesupport_cExport-noconfig.cmake
[6.619s] -- Installing: /home/robousr/Robotica-2026-2/proyecto/xyz/install/example_interfaces/share/example_interfaces/cmake/export_example_interfaces__rosidl_generator_cppExport.cmake
[6.620s] -- Installing: /home/robousr/Robotica-2026-2/proyecto/xyz/install/example_interfaces/share/example_interfaces/cmake/export_example_interfaces__rosidl_typesupport_fastrtps_cppExport.cmake
[6.620s] -- Installing: /home/robousr/Robotica-2026-2/proyecto/xyz/install/example_interfaces/share/example_interfaces/cmake/export_example_interfaces__rosidl_typesupport_fastrtps_cppExport-noconfig.cmake
[6.620s] -- Installing: /home/robousr/Robotica-2026-2/proyecto/xyz/install/example_interfaces/share/example_interfaces/cmake/example_interfaces__rosidl_typesupport_introspection_cppExport.cmake
[6.620s] -- Installing: /home/robousr/Robotica-2026-2/proyecto/xyz/install/example_interfaces/share/example_interfaces/cmake/example_interfaces__rosidl_typesupport_introspection_cppExport-noconfig.cmake
[6.621s] -- Installing: /home/robousr/Robotica-2026-2/proyecto/xyz/install/example_interfaces/share/example_interfaces/cmake/example_interfaces__rosidl_typesupport_cppExport.cmake
[6.621s] -- Installing: /home/robousr/Robotica-2026-2/proyecto/xyz/install/example_interfaces/share/example_interfaces/cmake/example_interfaces__rosidl_typesupport_cppExport-noconfig.cmake
[6.621s] -- Installing: /home/robousr/Robotica-2026-2/proyecto/xyz/install/example_interfaces/share/example_interfaces/cmake/export_example_interfaces__rosidl_generator_pyExport.cmake
[6.621s] -- Installing: /home/robousr/Robotica-2026-2/proyecto/xyz/install/example_interfaces/share/example_interfaces/cmake/export_example_interfaces__rosidl_generator_pyExport-noconfig.cmake
[6.626s] Invoked command in '/home/robousr/Robotica-2026-2/proyecto/xyz/build/example_interfaces' returned '0': CMAKE_PREFIX_PATH=${CMAKE_PREFIX_PATH}:/home/robousr/Robotica-2026-2/proyecto/xy/install/example_pkg:/home/robousr/Robotica-2026-2/proyecto/xy/install/example_description:/home/robousr/Robotica-2026-2/proyecto/xy/install/example_control:/home/robousr/Robotica-2026-2/proyecto/xy/install/example_bringup:/opt/ros/humble /usr/bin/cmake --install /home/robousr/Robotica-2026-2/proyecto/xyz/build/example_interfaces
