[1.131s] Invoking command in '/home/robousr/Robotica-2026-2/proyecto/xyz/build/example_bringup': PYTHONPATH=/home/robousr/Robotica-2026-2/proyecto/xyz/build/example_bringup/prefix_override:/usr/lib/python3/dist-packages/colcon_core/task/python/colcon_distutils_commands:/home/robousr/Robotica-2026-2/proyecto/xyz/install/example_bringup/lib/python3.10/site-packages:${PYTHONPATH} /usr/bin/python3 -W ignore:setup.py install is deprecated -W ignore:easy_install command is deprecated setup.py develop --editable --build-directory /home/robousr/Robotica-2026-2/proyecto/xyz/build/example_bringup/build --no-deps symlink_data
[1.401s] running develop
[1.581s] running egg_info
[1.581s] creating example_bringup.egg-info
[1.581s] writing example_bringup.egg-info/PKG-INFO
[1.582s] writing dependency_links to example_bringup.egg-info/dependency_links.txt
[1.582s] writing entry points to example_bringup.egg-info/entry_points.txt
[1.582s] writing requirements to example_bringup.egg-info/requires.txt
[1.582s] writing top-level names to example_bringup.egg-info/top_level.txt
[1.582s] writing manifest file 'example_bringup.egg-info/SOURCES.txt'
[1.585s] reading manifest file 'example_bringup.egg-info/SOURCES.txt'
[1.585s] writing manifest file 'example_bringup.egg-info/SOURCES.txt'
[1.588s] running build_ext
[1.588s] Creating /home/robousr/Robotica-2026-2/proyecto/xyz/install/example_bringup/lib/python3.10/site-packages/example-bringup.egg-link (link to .)
[1.588s] 
[1.588s] Installed /home/robousr/Robotica-2026-2/proyecto/xyz/build/example_bringup
[1.588s] running symlink_data
[1.588s] creating /home/robousr/Robotica-2026-2/proyecto/xyz/install/example_bringup/share/ament_index
[1.592s] creating /home/robousr/Robotica-2026-2/proyecto/xyz/install/example_bringup/share/ament_index/resource_index
[1.592s] creating /home/robousr/Robotica-2026-2/proyecto/xyz/install/example_bringup/share/ament_index/resource_index/packages
[1.592s] symbolically linking /home/robousr/Robotica-2026-2/proyecto/xyz/build/example_bringup/resource/example_bringup -> /home/robousr/Robotica-2026-2/proyecto/xyz/install/example_bringup/share/ament_index/resource_index/packages
[1.592s] symbolically linking /home/robousr/Robotica-2026-2/proyecto/xyz/build/example_bringup/package.xml -> /home/robousr/Robotica-2026-2/proyecto/xyz/install/example_bringup/share/example_bringup
[1.592s] creating /home/robousr/Robotica-2026-2/proyecto/xyz/install/example_bringup/share/example_bringup/launch
[1.592s] symbolically linking /home/robousr/Robotica-2026-2/proyecto/xyz/build/example_bringup/launch/controler.launch.py -> /home/robousr/Robotica-2026-2/proyecto/xyz/install/example_bringup/share/example_bringup/launch
[1.592s] symbolically linking /home/robousr/Robotica-2026-2/proyecto/xyz/build/example_bringup/launch/rviz_bringup.launch.py -> /home/robousr/Robotica-2026-2/proyecto/xyz/install/example_bringup/share/example_bringup/launch
[1.856s] Invoked command in '/home/robousr/Robotica-2026-2/proyecto/xyz/build/example_bringup' returned '0': PYTHONPATH=/home/robousr/Robotica-2026-2/proyecto/xyz/build/example_bringup/prefix_override:/usr/lib/python3/dist-packages/colcon_core/task/python/colcon_distutils_commands:/home/robousr/Robotica-2026-2/proyecto/xyz/install/example_bringup/lib/python3.10/site-packages:${PYTHONPATH} /usr/bin/python3 -W ignore:setup.py install is deprecated -W ignore:easy_install command is deprecated setup.py develop --editable --build-directory /home/robousr/Robotica-2026-2/proyecto/xyz/build/example_bringup/build --no-deps symlink_data
