[1.010s] Invoking command in '/home/robousr/Robotica-2026-2/proyecto/xy/build/example_control': PYTHONPATH=/home/robousr/Robotica-2026-2/proyecto/xy/build/example_control/prefix_override:/usr/lib/python3/dist-packages/colcon_core/task/python/colcon_distutils_commands:/home/robousr/Robotica-2026-2/proyecto/xy/install/example_control/lib/python3.10/site-packages:${PYTHONPATH} /usr/bin/python3 -W ignore:setup.py install is deprecated -W ignore:easy_install command is deprecated setup.py develop --editable --build-directory /home/robousr/Robotica-2026-2/proyecto/xy/build/example_control/build --no-deps symlink_data
[1.264s] running develop
[1.426s] running egg_info
[1.426s] creating example_control.egg-info
[1.426s] writing example_control.egg-info/PKG-INFO
[1.426s] writing dependency_links to example_control.egg-info/dependency_links.txt
[1.426s] writing entry points to example_control.egg-info/entry_points.txt
[1.427s] writing requirements to example_control.egg-info/requires.txt
[1.427s] writing top-level names to example_control.egg-info/top_level.txt
[1.427s] writing manifest file 'example_control.egg-info/SOURCES.txt'
[1.429s] reading manifest file 'example_control.egg-info/SOURCES.txt'
[1.430s] writing manifest file 'example_control.egg-info/SOURCES.txt'
[1.431s] running build_ext
[1.433s] Creating /home/robousr/Robotica-2026-2/proyecto/xy/install/example_control/lib/python3.10/site-packages/example-control.egg-link (link to .)
[1.434s] Installing controller_manager script to /home/robousr/Robotica-2026-2/proyecto/xy/install/example_control/lib/example_control
[1.434s] Installing hardware_interface script to /home/robousr/Robotica-2026-2/proyecto/xy/install/example_control/lib/example_control
[1.434s] Installing manipulator_controller script to /home/robousr/Robotica-2026-2/proyecto/xy/install/example_control/lib/example_control
[1.434s] 
[1.434s] Installed /home/robousr/Robotica-2026-2/proyecto/xy/build/example_control
[1.434s] running symlink_data
[1.434s] creating /home/robousr/Robotica-2026-2/proyecto/xy/install/example_control/share/ament_index
[1.434s] creating /home/robousr/Robotica-2026-2/proyecto/xy/install/example_control/share/ament_index/resource_index
[1.434s] creating /home/robousr/Robotica-2026-2/proyecto/xy/install/example_control/share/ament_index/resource_index/packages
[1.434s] symbolically linking /home/robousr/Robotica-2026-2/proyecto/xy/build/example_control/resource/example_control -> /home/robousr/Robotica-2026-2/proyecto/xy/install/example_control/share/ament_index/resource_index/packages
[1.434s] symbolically linking /home/robousr/Robotica-2026-2/proyecto/xy/build/example_control/package.xml -> /home/robousr/Robotica-2026-2/proyecto/xy/install/example_control/share/example_control
[1.471s] Invoked command in '/home/robousr/Robotica-2026-2/proyecto/xy/build/example_control' returned '0': PYTHONPATH=/home/robousr/Robotica-2026-2/proyecto/xy/build/example_control/prefix_override:/usr/lib/python3/dist-packages/colcon_core/task/python/colcon_distutils_commands:/home/robousr/Robotica-2026-2/proyecto/xy/install/example_control/lib/python3.10/site-packages:${PYTHONPATH} /usr/bin/python3 -W ignore:setup.py install is deprecated -W ignore:easy_install command is deprecated setup.py develop --editable --build-directory /home/robousr/Robotica-2026-2/proyecto/xy/build/example_control/build --no-deps symlink_data
