[1.101s] Invoking command in '/home/robousr/Robotica-2026-2/proyecto/xy/build/example_description': PYTHONPATH=/home/robousr/Robotica-2026-2/proyecto/xy/build/example_description/prefix_override:/usr/lib/python3/dist-packages/colcon_core/task/python/colcon_distutils_commands:/home/robousr/Robotica-2026-2/proyecto/xy/install/example_description/lib/python3.10/site-packages:${PYTHONPATH} /usr/bin/python3 -W ignore:setup.py install is deprecated -W ignore:easy_install command is deprecated setup.py develop --editable --build-directory /home/robousr/Robotica-2026-2/proyecto/xy/build/example_description/build --no-deps symlink_data
[1.395s] running develop
[1.602s] running egg_info
[1.602s] creating example_description.egg-info
[1.603s] writing example_description.egg-info/PKG-INFO
[1.604s] writing dependency_links to example_description.egg-info/dependency_links.txt
[1.604s] writing entry points to example_description.egg-info/entry_points.txt
[1.604s] writing requirements to example_description.egg-info/requires.txt
[1.604s] writing top-level names to example_description.egg-info/top_level.txt
[1.606s] writing manifest file 'example_description.egg-info/SOURCES.txt'
[1.608s] reading manifest file 'example_description.egg-info/SOURCES.txt'
[1.608s] writing manifest file 'example_description.egg-info/SOURCES.txt'
[1.610s] running build_ext
[1.610s] Creating /home/robousr/Robotica-2026-2/proyecto/xy/install/example_description/lib/python3.10/site-packages/example-description.egg-link (link to .)
[1.611s] 
[1.612s] Installed /home/robousr/Robotica-2026-2/proyecto/xy/build/example_description
[1.612s] running symlink_data
[1.612s] creating /home/robousr/Robotica-2026-2/proyecto/xy/install/example_description/share/ament_index
[1.612s] creating /home/robousr/Robotica-2026-2/proyecto/xy/install/example_description/share/ament_index/resource_index
[1.612s] creating /home/robousr/Robotica-2026-2/proyecto/xy/install/example_description/share/ament_index/resource_index/packages
[1.612s] symbolically linking /home/robousr/Robotica-2026-2/proyecto/xy/build/example_description/resource/example_description -> /home/robousr/Robotica-2026-2/proyecto/xy/install/example_description/share/ament_index/resource_index/packages
[1.612s] symbolically linking /home/robousr/Robotica-2026-2/proyecto/xy/build/example_description/package.xml -> /home/robousr/Robotica-2026-2/proyecto/xy/install/example_description/share/example_description
[1.612s] creating /home/robousr/Robotica-2026-2/proyecto/xy/install/example_description/share/example_description/urdf
[1.613s] symbolically linking /home/robousr/Robotica-2026-2/proyecto/xy/build/example_description/urdf/rrr_robot.urdf -> /home/robousr/Robotica-2026-2/proyecto/xy/install/example_description/share/example_description/urdf
[1.613s] creating /home/robousr/Robotica-2026-2/proyecto/xy/install/example_description/share/example_description/rviz
[1.613s] symbolically linking /home/robousr/Robotica-2026-2/proyecto/xy/build/example_description/rviz/rviz_config.rviz -> /home/robousr/Robotica-2026-2/proyecto/xy/install/example_description/share/example_description/rviz
[1.733s] Invoked command in '/home/robousr/Robotica-2026-2/proyecto/xy/build/example_description' returned '0': PYTHONPATH=/home/robousr/Robotica-2026-2/proyecto/xy/build/example_description/prefix_override:/usr/lib/python3/dist-packages/colcon_core/task/python/colcon_distutils_commands:/home/robousr/Robotica-2026-2/proyecto/xy/install/example_description/lib/python3.10/site-packages:${PYTHONPATH} /usr/bin/python3 -W ignore:setup.py install is deprecated -W ignore:easy_install command is deprecated setup.py develop --editable --build-directory /home/robousr/Robotica-2026-2/proyecto/xy/build/example_description/build --no-deps symlink_data
