[0.606s] Invoking command in '/home/robousr/Robotica-2026-2/proyecto/xyz/build/example_pkg': PYTHONPATH=/home/robousr/Robotica-2026-2/proyecto/xyz/build/example_pkg/prefix_override:/usr/lib/python3/dist-packages/colcon_core/task/python/colcon_distutils_commands:/home/robousr/Robotica-2026-2/proyecto/xyz/install/example_pkg/lib/python3.10/site-packages:${PYTHONPATH} /usr/bin/python3 -W ignore:setup.py install is deprecated -W ignore:easy_install command is deprecated setup.py develop --editable --build-directory /home/robousr/Robotica-2026-2/proyecto/xyz/build/example_pkg/build --no-deps symlink_data
[0.833s] running develop
[0.975s] running egg_info
[0.975s] creating example_pkg.egg-info
[0.975s] writing example_pkg.egg-info/PKG-INFO
[0.975s] writing dependency_links to example_pkg.egg-info/dependency_links.txt
[0.976s] writing entry points to example_pkg.egg-info/entry_points.txt
[0.977s] writing requirements to example_pkg.egg-info/requires.txt
[0.977s] writing top-level names to example_pkg.egg-info/top_level.txt
[0.978s] writing manifest file 'example_pkg.egg-info/SOURCES.txt'
[0.980s] reading manifest file 'example_pkg.egg-info/SOURCES.txt'
[0.980s] writing manifest file 'example_pkg.egg-info/SOURCES.txt'
[0.982s] running build_ext
[0.982s] Creating /home/robousr/Robotica-2026-2/proyecto/xyz/install/example_pkg/lib/python3.10/site-packages/example-pkg.egg-link (link to .)
[0.983s] Installing publisher_node script to /home/robousr/Robotica-2026-2/proyecto/xyz/install/example_pkg/lib/example_pkg
[0.983s] Installing subscriber_node script to /home/robousr/Robotica-2026-2/proyecto/xyz/install/example_pkg/lib/example_pkg
[0.984s] 
[0.984s] Installed /home/robousr/Robotica-2026-2/proyecto/xyz/build/example_pkg
[0.984s] running symlink_data
[0.984s] creating /home/robousr/Robotica-2026-2/proyecto/xyz/install/example_pkg/share/ament_index
[0.984s] creating /home/robousr/Robotica-2026-2/proyecto/xyz/install/example_pkg/share/ament_index/resource_index
[0.984s] creating /home/robousr/Robotica-2026-2/proyecto/xyz/install/example_pkg/share/ament_index/resource_index/packages
[0.985s] symbolically linking /home/robousr/Robotica-2026-2/proyecto/xyz/build/example_pkg/resource/example_pkg -> /home/robousr/Robotica-2026-2/proyecto/xyz/install/example_pkg/share/ament_index/resource_index/packages
[0.985s] symbolically linking /home/robousr/Robotica-2026-2/proyecto/xyz/build/example_pkg/package.xml -> /home/robousr/Robotica-2026-2/proyecto/xyz/install/example_pkg/share/example_pkg
[0.985s] creating /home/robousr/Robotica-2026-2/proyecto/xyz/install/example_pkg/share/example_pkg/launch
[0.985s] symbolically linking /home/robousr/Robotica-2026-2/proyecto/xyz/build/example_pkg/launch/launcher_copy.launch.py -> /home/robousr/Robotica-2026-2/proyecto/xyz/install/example_pkg/share/example_pkg/launch
[0.985s] symbolically linking /home/robousr/Robotica-2026-2/proyecto/xyz/build/example_pkg/launch/launcher.launch.py -> /home/robousr/Robotica-2026-2/proyecto/xyz/install/example_pkg/share/example_pkg/launch
[1.021s] Invoked command in '/home/robousr/Robotica-2026-2/proyecto/xyz/build/example_pkg' returned '0': PYTHONPATH=/home/robousr/Robotica-2026-2/proyecto/xyz/build/example_pkg/prefix_override:/usr/lib/python3/dist-packages/colcon_core/task/python/colcon_distutils_commands:/home/robousr/Robotica-2026-2/proyecto/xyz/install/example_pkg/lib/python3.10/site-packages:${PYTHONPATH} /usr/bin/python3 -W ignore:setup.py install is deprecated -W ignore:easy_install command is deprecated setup.py develop --editable --build-directory /home/robousr/Robotica-2026-2/proyecto/xyz/build/example_pkg/build --no-deps symlink_data
